Application/build/outputs/logs/manifest-merger-debug-report.txt
-- Merging decision tree log ---
manifest
ADDED from src/main/AndroidManifest.xml:18:1-43:12
	package
		ADDED from src/main/AndroidManifest.xml:19:5-47
	xmlns:android
		ADDED from src/main/AndroidManifest.xml:18:11-69
uses-permission#android.permission.CAMERA
ADDED from src/main/AndroidManifest.xml:21:5-65
	android:name
		ADDED from src/main/AndroidManifest.xml:21:22-62
uses-feature#android.hardware.camera
ADDED from src/main/AndroidManifest.xml:23:5-60
	android:name
		ADDED from src/main/AndroidManifest.xml:23:19-57
uses-feature#android.hardware.camera.autofocus
ADDED from src/main/AndroidManifest.xml:24:5-70
	android:name
		ADDED from src/main/AndroidManifest.xml:24:19-67
supports-screens
ADDED from src/main/AndroidManifest.xml:25:5-27:67
	android:largeScreens
		ADDED from src/main/AndroidManifest.xml:25:23-50
	android:smallScreens
		ADDED from src/main/AndroidManifest.xml:27:9-36
	android:normalScreens
		ADDED from src/main/AndroidManifest.xml:26:9-37
	android:xlargeScreens
		ADDED from src/main/AndroidManifest.xml:27:37-65
application
ADDED from src/main/AndroidManifest.xml:29:5-41:19
MERGED from [com.android.support:support-v13:25.0.1] AndroidManifest.xml:25:5-20
MERGED from [com.android.support:cardview-v7:25.0.1] AndroidManifest.xml:22:5-20
MERGED from [com.android.support:appcompat-v7:25.0.1] AndroidManifest.xml:25:5-20
MERGED from [com.android.support:support-v4:25.0.1] AndroidManifest.xml:25:5-20
MERGED from [com.android.support:support-fragment:25.0.1] AndroidManifest.xml:25:5-20
MERGED from [com.android.support:support-media-compat:25.0.1] AndroidManifest.xml:25:5-20
MERGED from [com.android.support:support-core-ui:25.0.1] AndroidManifest.xml:25:5-20
MERGED from [com.android.support:support-core-utils:25.0.1] AndroidManifest.xml:25:5-20
MERGED from [com.android.support:animated-vector-drawable:25.0.1] AndroidManifest.xml:22:5-20
MERGED from [com.android.support:support-vector-drawable:25.0.1] AndroidManifest.xml:23:5-20
MERGED from [com.android.support:support-compat:25.0.1] AndroidManifest.xml:25:5-20
	android:label
		ADDED from src/main/AndroidManifest.xml:30:9-41
	android:allowBackup
		ADDED from src/main/AndroidManifest.xml:29:18-44
	android:icon
		ADDED from src/main/AndroidManifest.xml:31:9-45
	android:theme
		ADDED from src/main/AndroidManifest.xml:32:9-45
activity#com.example.android.camera2basic.CameraActivity
ADDED from src/main/AndroidManifest.xml:34:9-40:20
	android:label
		ADDED from src/main/AndroidManifest.xml:35:19-51
	android:name
		ADDED from src/main/AndroidManifest.xml:34:19-49
intent-filter#android.intent.action.MAIN+android.intent.category.LAUNCHER
ADDED from src/main/AndroidManifest.xml:36:13-39:29
action#android.intent.action.MAIN
ADDED from src/main/AndroidManifest.xml:37:17-69
	android:name
		ADDED from src/main/AndroidManifest.xml:37:25-66
category#android.intent.category.LAUNCHER
ADDED from src/main/AndroidManifest.xml:38:17-77
	android:name
		ADDED from src/main/AndroidManifest.xml:38:27-74
uses-sdk
INJECTED from src/main/AndroidManifest.xml reason: use-sdk injection requested
MERGED from [com.android.support:support-v13:25.0.1] AndroidManifest.xml:21:5-23:55
MERGED from [com.android.support:cardview-v7:25.0.1] AndroidManifest.xml:20:5-43
MERGED from [com.android.support:appcompat-v7:25.0.1] AndroidManifest.xml:21:5-23:78
MERGED from [com.android.support:support-v4:25.0.1] AndroidManifest.xml:21:5-23:54
MERGED from [com.android.support:support-fragment:25.0.1] AndroidManifest.xml:21:5-23:60
MERGED from [com.android.support:support-media-compat:25.0.1] AndroidManifest.xml:21:5-23:63
MERGED from [com.android.support:support-core-ui:25.0.1] AndroidManifest.xml:21:5-23:58
MERGED from [com.android.support:support-core-utils:25.0.1] AndroidManifest.xml:21:5-23:61
MERGED from [com.android.support:animated-vector-drawable:25.0.1] AndroidManifest.xml:20:5-44
MERGED from [com.android.support:support-vector-drawable:25.0.1] AndroidManifest.xml:21:5-43
MERGED from [com.android.support:support-compat:25.0.1] AndroidManifest.xml:21:5-23:58
MERGED from [com.google.vr:sdk-audio:1.10.0] AndroidManifest.xml:3:5-73
MERGED from [com.google.vr:sdk-base:1.10.0] AndroidManifest.xml:5:5-73
MERGED from [com.google.vr:sdk-common:1.10.0] AndroidManifest.xml:3:5-73
	tools:overrideLibrary
		ADDED from [com.android.support:support-v13:25.0.1] AndroidManifest.xml:23:9-52
	android:targetSdkVersion
		INJECTED from src/main/AndroidManifest.xml
		INJECTED from src/main/AndroidManifest.xml
	android:minSdkVersion
		INJECTED from src/main/AndroidManifest.xml
		INJECTED from src/main/AndroidManifest.xml
uses-feature#0x00020000
ADDED from [com.google.vr:sdk-base:1.10.0] AndroidManifest.xml:6:5-77
	android:glEsVersion
		ADDED from [com.google.vr:sdk-base:1.10.0] AndroidManifest.xml:6:19-51
	android:required
		ADDED from [com.google.vr:sdk-base:1.10.0] AndroidManifest.xml:6:52-75
uses-permission#android.permission.READ_EXTERNAL_STORAGE
ADDED from [com.google.vr:sdk-base:1.10.0] AndroidManifest.xml:9:5-79
	android:name
		ADDED from [com.google.vr:sdk-base:1.10.0] AndroidManifest.xml:9:22-77
uses-permission#android.permission.WRITE_EXTERNAL_STORAGE
ADDED from [com.google.vr:sdk-base:1.10.0] AndroidManifest.xml:10:5-80
	android:name
		ADDED from [com.google.vr:sdk-base:1.10.0] AndroidManifest.xml:10:22-78
uses-feature#android.software.vr.mode
ADDED from [com.google.vr:sdk-base:1.10.0] AndroidManifest.xml:13:5-85
	android:required
		ADDED from [com.google.vr:sdk-base:1.10.0] AndroidManifest.xml:13:59-83
	android:name
		ADDED from [com.google.vr:sdk-base:1.10.0] AndroidManifest.xml:13:19-58
uses-feature#android.hardware.vr.high_performance
ADDED from [com.google.vr:sdk-base:1.10.0] AndroidManifest.xml:15:5-97
	android:required
		ADDED from [com.google.vr:sdk-base:1.10.0] AndroidManifest.xml:15:71-95
	android:name
		ADDED from [com.google.vr:sdk-base:1.10.0] AndroidManifest.xml:15:19-70
android:uses-permission#android.permission.READ_EXTERNAL_STORAGE
IMPLIED from src/main/AndroidManifest.xml:18:1-43:12 reason: com.google.vr.sdk.base requested WRITE_EXTERNAL_STORAGE